<?xml version="1.0" encoding="UTF-8"?>
<!-- Generated by org.testng.reporters.JUnitReportReporter -->
<testsuite hostname="DESKTOP-392DMD4" failures="0" tests="1" name="com.devsu.TestCase" time="1.842" errors="0" timestamp="2024-08-09T08:08:26 COT" skipped="0">
  <testcase classname="com.devsu.TestCase" name="testFlujodeCompra" time="1.842"/>
  <system-out/>
</testsuite> <!-- com.devsu.TestCase -->
